<?xml version="1.0" encoding="UTF-8"?>
<testsuite name="DollarCalculatorTest" tests="3" skipped="0" failures="0" errors="0" timestamp="2021-08-07T06:52:24" hostname="DESKTOP-4A8Q9J9" time="0.418">
  <properties/>
  <testcase name="dollarTest()" classname="DollarCalculatorTest" time="0.408"/>
  <testcase name="testHello()" classname="DollarCalculatorTest" time="0.004"/>
  <testcase name="mockTest()" classname="DollarCalculatorTest" time="0.005"/>
  <system-out><![CDATA[22000
hello
60000
]]></system-out>
  <system-err><![CDATA[]]></system-err>
</testsuite>
